<?xml version="1.0" encoding="UTF-8"?>
<robot generator="Robot 6.0.2 (Python 3.11.3 on darwin)" generated="20230421 14:49:19.789" rpa="false" schemaversion="3">
<suite id="s1" name="Api Testing Usuarios" source="/Users/vntcaot/Documents/robot-framework/api_testing/tests/api_testing_usuarios.robot">
<test id="s1-t1" name="Cenário 01: Cadastrar um novo usuário com sucesso na ServeRest" line="7">
<kw name="Criar um usuário novo" library="api_testing_usuarios">
<kw name="Generate Random String" library="String">
<var>${palavra_aleatoria}</var>
<arg>length=4</arg>
<arg>chars=[LETTERS]</arg>
<doc>Generates a string with a desired ``length`` from the given ``chars``.</doc>
<msg timestamp="20230421 14:49:19.865" level="INFO">${palavra_aleatoria} = BNUK</msg>
<status status="PASS" starttime="20230421 14:49:19.865" endtime="20230421 14:49:19.866"/>
</kw>
<kw name="Convert To Lower Case" library="String">
<var>${palavra_aleatoria}</var>
<arg>${palavra_aleatoria}</arg>
<doc>Converts string to lower case.</doc>
<msg timestamp="20230421 14:49:19.867" level="INFO">${palavra_aleatoria} = bnuk</msg>
<status status="PASS" starttime="20230421 14:49:19.866" endtime="20230421 14:49:19.867"/>
</kw>
<kw name="Set Test Variable" library="BuiltIn">
<arg>${EMAIL_TESTE}</arg>
<arg>${palavra_aleatoria}@emailteste.com</arg>
<doc>Makes a variable available everywhere within the scope of the current test.</doc>
<msg timestamp="20230421 14:49:19.867" level="INFO">${EMAIL_TESTE} = bnuk@emailteste.com</msg>
<status status="PASS" starttime="20230421 14:49:19.867" endtime="20230421 14:49:19.867"/>
</kw>
<kw name="Log" library="BuiltIn">
<arg>${EMAIL_TESTE}</arg>
<doc>Logs the given message with the given level.</doc>
<msg timestamp="20230421 14:49:19.867" level="INFO">bnuk@emailteste.com</msg>
<status status="PASS" starttime="20230421 14:49:19.867" endtime="20230421 14:49:19.868"/>
</kw>
<status status="PASS" starttime="20230421 14:49:19.865" endtime="20230421 14:49:19.868"/>
</kw>
<kw name="Cadastrar o usuário criado na ServeRest" library="api_testing_usuarios">
<kw name="Create Dictionary" library="BuiltIn">
<var>${body}</var>
<arg>nome=Fulano da Silva</arg>
<arg>email=${EMAIL_TESTE}</arg>
<arg>password=1234</arg>
<arg>administrador=true</arg>
<doc>Creates and returns a dictionary based on the given ``items``.</doc>
<msg timestamp="20230421 14:49:19.868" level="INFO">${body} = {'nome': 'Fulano da Silva', 'email': 'bnuk@emailteste.com', 'password': '1234', 'administrador': 'true'}</msg>
<status status="PASS" starttime="20230421 14:49:19.868" endtime="20230421 14:49:19.868"/>
</kw>
<kw name="Log" library="BuiltIn">
<arg>${body}</arg>
<doc>Logs the given message with the given level.</doc>
<msg timestamp="20230421 14:49:19.868" level="INFO">{'nome': 'Fulano da Silva', 'email': 'bnuk@emailteste.com', 'password': '1234', 'administrador': 'true'}</msg>
<status status="PASS" starttime="20230421 14:49:19.868" endtime="20230421 14:49:19.868"/>
</kw>
<kw name="Criar Sessão no ServeRest" library="api_testing_usuarios">
<kw name="Create Dictionary" library="BuiltIn">
<var>${headers}</var>
<arg>accept=application/json</arg>
<arg>Content-Type=application/json</arg>
<doc>Creates and returns a dictionary based on the given ``items``.</doc>
<msg timestamp="20230421 14:49:19.869" level="INFO">${headers} = {'accept': 'application/json', 'Content-Type': 'application/json'}</msg>
<status status="PASS" starttime="20230421 14:49:19.868" endtime="20230421 14:49:19.869"/>
</kw>
<kw name="Create Session" library="RequestsLibrary">
<arg>alias=serveRest</arg>
<arg>url=https://Serverest.dev</arg>
<arg>headers=${headers}</arg>
<doc>Create Session: create a HTTP session to a server</doc>
<msg timestamp="20230421 14:49:19.869" level="INFO">Creating Session using : alias=serveRest, url=https://Serverest.dev, headers={'accept': 'application/json', 'Content-Type': 'application/json'},                     cookies={}, auth=None, timeout=None, proxies=None, verify=False,                     debug=0 </msg>
<status status="PASS" starttime="20230421 14:49:19.869" endtime="20230421 14:49:19.869"/>
</kw>
<status status="PASS" starttime="20230421 14:49:19.868" endtime="20230421 14:49:19.869"/>
</kw>
<kw name="POST On Session" library="RequestsLibrary">
<var>${resposta}</var>
<arg>alias=ServeRest</arg>
<arg>url=/usuarios</arg>
<arg>json=${body}</arg>
<doc>Sends a POST request on a previously created HTTP Session.</doc>
<msg timestamp="20230421 14:49:24.562" level="INFO">POST Request : url=https://serverest.dev/usuarios 
 path_url=/usuarios 
 headers={'User-Agent': 'python-requests/2.28.2', 'Accept-Encoding': 'gzip, deflate', 'accept': 'application/json', 'Connection': 'keep-alive', 'Content-Type': 'application/json', 'Content-Length': '104'} 
 body=b'{"nome": "Fulano da Silva", "email": "bnuk@emailteste.com", "password": "1234", "administrador": "true"}' 
 </msg>
<msg timestamp="20230421 14:49:24.562" level="INFO">POST Response : url=https://serverest.dev/usuarios 
 status=201, reason=Created 
 headers={'access-control-allow-origin': '*', 'x-dns-prefetch-control': 'off', 'x-frame-options': 'SAMEORIGIN', 'strict-transport-security': 'max-age=15552000; includeSubDomains', 'x-download-options': 'noopen', 'x-content-type-options': 'nosniff', 'x-xss-protection': '1; mode=block', 'x-moesif-transaction-id': '90c038dd-ae9b-40c2-8e17-b2636c5b52cc', 'content-type': 'application/json; charset=utf-8', 'X-Cloud-Trace-Context': 'a8d1ceee6199546ff0249f19215161cd;o=1', 'Date': 'Fri, 21 Apr 2023 17:49:24 GMT', 'Server': 'Google Frontend', 'Content-Length': '82'} 
 body={
    "message": "Cadastro realizado com sucesso",
    "_id": "CYwW2bAN40houENe"
} 
 </msg>
<msg timestamp="20230421 14:49:24.562" level="INFO">/Library/Frameworks/Python.framework/Versions/3.11/lib/python3.11/site-packages/urllib3/connectionpool.py:1045: InsecureRequestWarning: Unverified HTTPS request is being made to host 'serverest.dev'. Adding certificate verification is strongly advised. See: https://urllib3.readthedocs.io/en/1.26.x/advanced-usage.html#ssl-warnings
  warnings.warn(</msg>
<msg timestamp="20230421 14:49:24.562" level="INFO">${resposta} = &lt;Response [201]&gt;</msg>
<status status="PASS" starttime="20230421 14:49:19.869" endtime="20230421 14:49:24.562"/>
</kw>
<kw name="Log" library="BuiltIn">
<arg>${resposta.json()}</arg>
<doc>Logs the given message with the given level.</doc>
<msg timestamp="20230421 14:49:24.563" level="INFO">{'message': 'Cadastro realizado com sucesso', '_id': 'CYwW2bAN40houENe'}</msg>
<status status="PASS" starttime="20230421 14:49:24.563" endtime="20230421 14:49:24.563"/>
</kw>
<kw name="Set Test Variable" library="BuiltIn">
<arg>${RESPOSTA}</arg>
<arg>${resposta.json()}</arg>
<doc>Makes a variable available everywhere within the scope of the current test.</doc>
<msg timestamp="20230421 14:49:24.564" level="INFO">${RESPOSTA} = {'message': 'Cadastro realizado com sucesso', '_id': 'CYwW2bAN40houENe'}</msg>
<status status="PASS" starttime="20230421 14:49:24.563" endtime="20230421 14:49:24.564"/>
</kw>
<status status="PASS" starttime="20230421 14:49:19.868" endtime="20230421 14:49:24.564"/>
</kw>
<kw name="Conferir se o usuário foi cadastrado corretamente" library="api_testing_usuarios">
<kw name="Log" library="BuiltIn">
<arg>${RESPOSTA}</arg>
<doc>Logs the given message with the given level.</doc>
<msg timestamp="20230421 14:49:24.564" level="INFO">{'message': 'Cadastro realizado com sucesso', '_id': 'CYwW2bAN40houENe'}</msg>
<status status="PASS" starttime="20230421 14:49:24.564" endtime="20230421 14:49:24.565"/>
</kw>
<status status="PASS" starttime="20230421 14:49:24.564" endtime="20230421 14:49:24.565"/>
</kw>
<status status="PASS" starttime="20230421 14:49:19.865" endtime="20230421 14:49:24.565"/>
</test>
<status status="PASS" starttime="20230421 14:49:19.791" endtime="20230421 14:49:24.565"/>
</suite>
<statistics>
<total>
<stat pass="1" fail="0" skip="0">All Tests</stat>
</total>
<tag>
</tag>
<suite>
<stat pass="1" fail="0" skip="0" id="s1" name="Api Testing Usuarios">Api Testing Usuarios</stat>
</suite>
</statistics>
<errors>
</errors>
</robot>
