<?xml version="1.0" encoding="UTF-8"?>
<robot generator="Robot 6.0.2 (Python 3.10.9 on win32)" generated="20230422 22:44:42.851" rpa="false" schemaversion="3">
<suite id="s1" name="Api Testing Usuarios" source="C:\Users\Carlos\Desktop\robot-may-basico\api_testing\tests\api_testing_usuarios.robot">
<test id="s1-t1" name="Cenário 01: Cadastrar um novo usuário com sucesso na ServeRest" line="5">
<kw name="Criar um usuário novo" library="api_testing_usuarios">
<kw name="Generate Random String" library="String">
<var>${palavra_aleatoria}</var>
<arg>length=4</arg>
<arg>chars=[LETTERS]</arg>
<doc>Generates a string with a desired ``length`` from the given ``chars``.</doc>
<msg timestamp="20230422 22:44:43.025" level="INFO">${palavra_aleatoria} = rnny</msg>
<status status="PASS" starttime="20230422 22:44:43.025" endtime="20230422 22:44:43.025"/>
</kw>
<kw name="Convert To Lower Case" library="String">
<var>${palavra_aleatoria}</var>
<arg>${palavra_aleatoria}</arg>
<doc>Converts string to lower case.</doc>
<msg timestamp="20230422 22:44:43.026" level="INFO">${palavra_aleatoria} = rnny</msg>
<status status="PASS" starttime="20230422 22:44:43.025" endtime="20230422 22:44:43.026"/>
</kw>
<kw name="Set Test Variable" library="BuiltIn">
<arg>${EMAIL_TESTE}</arg>
<arg>${palavra_aleatoria}@emailteste.com</arg>
<doc>Makes a variable available everywhere within the scope of the current test.</doc>
<msg timestamp="20230422 22:44:43.027" level="INFO">${EMAIL_TESTE} = rnny@emailteste.com</msg>
<status status="PASS" starttime="20230422 22:44:43.026" endtime="20230422 22:44:43.027"/>
</kw>
<kw name="Log" library="BuiltIn">
<arg>${EMAIL_TESTE}</arg>
<doc>Logs the given message with the given level.</doc>
<msg timestamp="20230422 22:44:43.027" level="INFO">rnny@emailteste.com</msg>
<status status="PASS" starttime="20230422 22:44:43.027" endtime="20230422 22:44:43.027"/>
</kw>
<status status="PASS" starttime="20230422 22:44:43.025" endtime="20230422 22:44:43.027"/>
</kw>
<kw name="Cadastrar o usuário criado na ServeRest" library="api_testing_usuarios">
<arg>${EMAIL_TESTE}</arg>
<arg>status_code_desejado=201</arg>
<kw name="Create Dictionary" library="BuiltIn">
<var>${body}</var>
<arg>nome=Fulano da Silva</arg>
<arg>email=${email}</arg>
<arg>password=1234</arg>
<arg>administrador=true</arg>
<doc>Creates and returns a dictionary based on the given ``items``.</doc>
<msg timestamp="20230422 22:44:43.029" level="INFO">${body} = {'nome': 'Fulano da Silva', 'email': 'rnny@emailteste.com', 'password': '1234', 'administrador': 'true'}</msg>
<status status="PASS" starttime="20230422 22:44:43.028" endtime="20230422 22:44:43.029"/>
</kw>
<kw name="Log" library="BuiltIn">
<arg>${body}</arg>
<doc>Logs the given message with the given level.</doc>
<msg timestamp="20230422 22:44:43.029" level="INFO">{'nome': 'Fulano da Silva', 'email': 'rnny@emailteste.com', 'password': '1234', 'administrador': 'true'}</msg>
<status status="PASS" starttime="20230422 22:44:43.029" endtime="20230422 22:44:43.029"/>
</kw>
<kw name="Criar Sessão no ServeRest" library="api_testing_usuarios">
<kw name="Create Dictionary" library="BuiltIn">
<var>${headers}</var>
<arg>accept=application/json</arg>
<arg>Content-Type=application/json</arg>
<doc>Creates and returns a dictionary based on the given ``items``.</doc>
<msg timestamp="20230422 22:44:43.030" level="INFO">${headers} = {'accept': 'application/json', 'Content-Type': 'application/json'}</msg>
<status status="PASS" starttime="20230422 22:44:43.030" endtime="20230422 22:44:43.030"/>
</kw>
<kw name="Create Session" library="RequestsLibrary">
<arg>alias=serveRest</arg>
<arg>url=https://Serverest.dev</arg>
<arg>headers=${headers}</arg>
<doc>Create Session: create a HTTP session to a server</doc>
<msg timestamp="20230422 22:44:43.030" level="INFO">Creating Session using : alias=serveRest, url=https://Serverest.dev, headers={'accept': 'application/json', 'Content-Type': 'application/json'},                     cookies={}, auth=None, timeout=None, proxies=None, verify=False,                     debug=0 </msg>
<status status="PASS" starttime="20230422 22:44:43.030" endtime="20230422 22:44:43.030"/>
</kw>
<status status="PASS" starttime="20230422 22:44:43.029" endtime="20230422 22:44:43.031"/>
</kw>
<kw name="POST On Session" library="RequestsLibrary">
<var>${resposta}</var>
<arg>alias=ServeRest</arg>
<arg>url=/usuarios</arg>
<arg>json=${body}</arg>
<arg>expected_status=${status_code_desejado}</arg>
<doc>Sends a POST request on a previously created HTTP Session.</doc>
<msg timestamp="20230422 22:44:43.448" level="INFO">POST Request : url=https://serverest.dev/usuarios 
 path_url=/usuarios 
 headers={'User-Agent': 'python-requests/2.28.2', 'Accept-Encoding': 'gzip, deflate', 'accept': 'application/json', 'Connection': 'keep-alive', 'Content-Type': 'application/json', 'Content-Length': '104'} 
 body=b'{"nome": "Fulano da Silva", "email": "rnny@emailteste.com", "password": "1234", "administrador": "true"}' 
 </msg>
<msg timestamp="20230422 22:44:43.448" level="INFO">POST Response : url=https://serverest.dev/usuarios 
 status=201, reason=Created 
 headers={'access-control-allow-origin': '*', 'x-dns-prefetch-control': 'off', 'x-frame-options': 'SAMEORIGIN', 'strict-transport-security': 'max-age=15552000; includeSubDomains', 'x-download-options': 'noopen', 'x-content-type-options': 'nosniff', 'x-xss-protection': '1; mode=block', 'x-moesif-transaction-id': '184c35bf-ece5-43ca-8c61-40743c827c28', 'content-type': 'application/json; charset=utf-8', 'X-Cloud-Trace-Context': '0dceef741220b98f38575403afa5f054;o=1', 'Date': 'Sun, 23 Apr 2023 01:44:43 GMT', 'Server': 'Google Frontend', 'Content-Length': '82'} 
 body={
    "message": "Cadastro realizado com sucesso",
    "_id": "HKRyqBZ1XGxZ5jhE"
} 
 </msg>
<msg timestamp="20230422 22:44:43.448" level="INFO">C:\Users\Carlos\AppData\Local\Programs\Python\Python310\lib\site-packages\urllib3\connectionpool.py:1045: InsecureRequestWarning: Unverified HTTPS request is being made to host 'serverest.dev'. Adding certificate verification is strongly advised. See: https://urllib3.readthedocs.io/en/1.26.x/advanced-usage.html#ssl-warnings
  warnings.warn(</msg>
<msg timestamp="20230422 22:44:43.449" level="INFO">${resposta} = &lt;Response [201]&gt;</msg>
<status status="PASS" starttime="20230422 22:44:43.031" endtime="20230422 22:44:43.449"/>
</kw>
<kw name="Log" library="BuiltIn">
<arg>${resposta.json()}</arg>
<doc>Logs the given message with the given level.</doc>
<msg timestamp="20230422 22:44:43.449" level="INFO">{'message': 'Cadastro realizado com sucesso', '_id': 'HKRyqBZ1XGxZ5jhE'}</msg>
<status status="PASS" starttime="20230422 22:44:43.449" endtime="20230422 22:44:43.449"/>
</kw>
<kw name="Set Test Variable" library="BuiltIn">
<arg>${ID_USUARIO}</arg>
<arg>${resposta.json()["_id"]}</arg>
<doc>Makes a variable available everywhere within the scope of the current test.</doc>
<msg timestamp="20230422 22:44:43.451" level="INFO">${ID_USUARIO} = HKRyqBZ1XGxZ5jhE</msg>
<status status="PASS" starttime="20230422 22:44:43.450" endtime="20230422 22:44:43.451"/>
</kw>
<kw name="Set Test Variable" library="BuiltIn">
<arg>${RESPOSTA}</arg>
<arg>${resposta.json()}</arg>
<doc>Makes a variable available everywhere within the scope of the current test.</doc>
<msg timestamp="20230422 22:44:43.451" level="INFO">${RESPOSTA} = {'message': 'Cadastro realizado com sucesso', '_id': 'HKRyqBZ1XGxZ5jhE'}</msg>
<status status="PASS" starttime="20230422 22:44:43.451" endtime="20230422 22:44:43.451"/>
</kw>
<status status="PASS" starttime="20230422 22:44:43.028" endtime="20230422 22:44:43.451"/>
</kw>
<kw name="Conferir se o usuário foi cadastrado corretamente" library="api_testing_usuarios">
<kw name="Log" library="BuiltIn">
<arg>${RESPOSTA}</arg>
<doc>Logs the given message with the given level.</doc>
<msg timestamp="20230422 22:44:43.453" level="INFO">{'message': 'Cadastro realizado com sucesso', '_id': 'HKRyqBZ1XGxZ5jhE'}</msg>
<status status="PASS" starttime="20230422 22:44:43.453" endtime="20230422 22:44:43.453"/>
</kw>
<kw name="Dictionary Should Contain Item" library="Collections">
<arg>${RESPOSTA}</arg>
<arg>message</arg>
<arg>Cadastro realizado com sucesso</arg>
<doc>An item of ``key`` / ``value`` must be found in a ``dictionary``.</doc>
<status status="PASS" starttime="20230422 22:44:43.453" endtime="20230422 22:44:43.454"/>
</kw>
<kw name="Dictionary Should Contain Key" library="Collections">
<arg>${RESPOSTA}</arg>
<arg>_id</arg>
<doc>Fails if ``key`` is not found from ``dictionary``.</doc>
<status status="PASS" starttime="20230422 22:44:43.454" endtime="20230422 22:44:43.454"/>
</kw>
<status status="PASS" starttime="20230422 22:44:43.453" endtime="20230422 22:44:43.454"/>
</kw>
<status status="PASS" starttime="20230422 22:44:43.024" endtime="20230422 22:44:43.455"/>
</test>
<test id="s1-t2" name="Cenário 02: Cadastrar um usuário já existente" line="9">
<kw name="Criar um usuário novo" library="api_testing_usuarios">
<kw name="Generate Random String" library="String">
<var>${palavra_aleatoria}</var>
<arg>length=4</arg>
<arg>chars=[LETTERS]</arg>
<doc>Generates a string with a desired ``length`` from the given ``chars``.</doc>
<msg timestamp="20230422 22:44:43.458" level="INFO">${palavra_aleatoria} = kgoO</msg>
<status status="PASS" starttime="20230422 22:44:43.457" endtime="20230422 22:44:43.458"/>
</kw>
<kw name="Convert To Lower Case" library="String">
<var>${palavra_aleatoria}</var>
<arg>${palavra_aleatoria}</arg>
<doc>Converts string to lower case.</doc>
<msg timestamp="20230422 22:44:43.458" level="INFO">${palavra_aleatoria} = kgoo</msg>
<status status="PASS" starttime="20230422 22:44:43.458" endtime="20230422 22:44:43.458"/>
</kw>
<kw name="Set Test Variable" library="BuiltIn">
<arg>${EMAIL_TESTE}</arg>
<arg>${palavra_aleatoria}@emailteste.com</arg>
<doc>Makes a variable available everywhere within the scope of the current test.</doc>
<msg timestamp="20230422 22:44:43.459" level="INFO">${EMAIL_TESTE} = kgoo@emailteste.com</msg>
<status status="PASS" starttime="20230422 22:44:43.458" endtime="20230422 22:44:43.459"/>
</kw>
<kw name="Log" library="BuiltIn">
<arg>${EMAIL_TESTE}</arg>
<doc>Logs the given message with the given level.</doc>
<msg timestamp="20230422 22:44:43.460" level="INFO">kgoo@emailteste.com</msg>
<status status="PASS" starttime="20230422 22:44:43.459" endtime="20230422 22:44:43.460"/>
</kw>
<status status="PASS" starttime="20230422 22:44:43.457" endtime="20230422 22:44:43.460"/>
</kw>
<kw name="Cadastrar o usuário criado na ServeRest" library="api_testing_usuarios">
<arg>email=${EMAIL_TESTE}</arg>
<arg>status_code_desejado=201</arg>
<kw name="Create Dictionary" library="BuiltIn">
<var>${body}</var>
<arg>nome=Fulano da Silva</arg>
<arg>email=${email}</arg>
<arg>password=1234</arg>
<arg>administrador=true</arg>
<doc>Creates and returns a dictionary based on the given ``items``.</doc>
<msg timestamp="20230422 22:44:43.462" level="INFO">${body} = {'nome': 'Fulano da Silva', 'email': 'kgoo@emailteste.com', 'password': '1234', 'administrador': 'true'}</msg>
<status status="PASS" starttime="20230422 22:44:43.461" endtime="20230422 22:44:43.462"/>
</kw>
<kw name="Log" library="BuiltIn">
<arg>${body}</arg>
<doc>Logs the given message with the given level.</doc>
<msg timestamp="20230422 22:44:43.462" level="INFO">{'nome': 'Fulano da Silva', 'email': 'kgoo@emailteste.com', 'password': '1234', 'administrador': 'true'}</msg>
<status status="PASS" starttime="20230422 22:44:43.462" endtime="20230422 22:44:43.462"/>
</kw>
<kw name="Criar Sessão no ServeRest" library="api_testing_usuarios">
<kw name="Create Dictionary" library="BuiltIn">
<var>${headers}</var>
<arg>accept=application/json</arg>
<arg>Content-Type=application/json</arg>
<doc>Creates and returns a dictionary based on the given ``items``.</doc>
<msg timestamp="20230422 22:44:43.463" level="INFO">${headers} = {'accept': 'application/json', 'Content-Type': 'application/json'}</msg>
<status status="PASS" starttime="20230422 22:44:43.463" endtime="20230422 22:44:43.463"/>
</kw>
<kw name="Create Session" library="RequestsLibrary">
<arg>alias=serveRest</arg>
<arg>url=https://Serverest.dev</arg>
<arg>headers=${headers}</arg>
<doc>Create Session: create a HTTP session to a server</doc>
<msg timestamp="20230422 22:44:43.464" level="INFO">Creating Session using : alias=serveRest, url=https://Serverest.dev, headers={'accept': 'application/json', 'Content-Type': 'application/json'},                     cookies={}, auth=None, timeout=None, proxies=None, verify=False,                     debug=0 </msg>
<status status="PASS" starttime="20230422 22:44:43.463" endtime="20230422 22:44:43.464"/>
</kw>
<status status="PASS" starttime="20230422 22:44:43.462" endtime="20230422 22:44:43.465"/>
</kw>
<kw name="POST On Session" library="RequestsLibrary">
<var>${resposta}</var>
<arg>alias=ServeRest</arg>
<arg>url=/usuarios</arg>
<arg>json=${body}</arg>
<arg>expected_status=${status_code_desejado}</arg>
<doc>Sends a POST request on a previously created HTTP Session.</doc>
<msg timestamp="20230422 22:44:43.860" level="INFO">POST Request : url=https://serverest.dev/usuarios 
 path_url=/usuarios 
 headers={'User-Agent': 'python-requests/2.28.2', 'Accept-Encoding': 'gzip, deflate', 'accept': 'application/json', 'Connection': 'keep-alive', 'Content-Type': 'application/json', 'Content-Length': '104'} 
 body=b'{"nome": "Fulano da Silva", "email": "kgoo@emailteste.com", "password": "1234", "administrador": "true"}' 
 </msg>
<msg timestamp="20230422 22:44:43.860" level="INFO">POST Response : url=https://serverest.dev/usuarios 
 status=201, reason=Created 
 headers={'access-control-allow-origin': '*', 'x-dns-prefetch-control': 'off', 'x-frame-options': 'SAMEORIGIN', 'strict-transport-security': 'max-age=15552000; includeSubDomains', 'x-download-options': 'noopen', 'x-content-type-options': 'nosniff', 'x-xss-protection': '1; mode=block', 'x-moesif-transaction-id': '0e0c89a2-c370-4464-acbf-4902df6062ec', 'content-type': 'application/json; charset=utf-8', 'X-Cloud-Trace-Context': '1000486b5bb010877be2f5616fef3ef9', 'Date': 'Sun, 23 Apr 2023 01:44:43 GMT', 'Server': 'Google Frontend', 'Content-Length': '82'} 
 body={
    "message": "Cadastro realizado com sucesso",
    "_id": "Y46wVaUB2z51TVK7"
} 
 </msg>
<msg timestamp="20230422 22:44:43.860" level="INFO">C:\Users\Carlos\AppData\Local\Programs\Python\Python310\lib\site-packages\urllib3\connectionpool.py:1045: InsecureRequestWarning: Unverified HTTPS request is being made to host 'serverest.dev'. Adding certificate verification is strongly advised. See: https://urllib3.readthedocs.io/en/1.26.x/advanced-usage.html#ssl-warnings
  warnings.warn(</msg>
<msg timestamp="20230422 22:44:43.861" level="INFO">${resposta} = &lt;Response [201]&gt;</msg>
<status status="PASS" starttime="20230422 22:44:43.465" endtime="20230422 22:44:43.861"/>
</kw>
<kw name="Log" library="BuiltIn">
<arg>${resposta.json()}</arg>
<doc>Logs the given message with the given level.</doc>
<msg timestamp="20230422 22:44:43.862" level="INFO">{'message': 'Cadastro realizado com sucesso', '_id': 'Y46wVaUB2z51TVK7'}</msg>
<status status="PASS" starttime="20230422 22:44:43.861" endtime="20230422 22:44:43.862"/>
</kw>
<kw name="Set Test Variable" library="BuiltIn">
<arg>${ID_USUARIO}</arg>
<arg>${resposta.json()["_id"]}</arg>
<doc>Makes a variable available everywhere within the scope of the current test.</doc>
<msg timestamp="20230422 22:44:43.863" level="INFO">${ID_USUARIO} = Y46wVaUB2z51TVK7</msg>
<status status="PASS" starttime="20230422 22:44:43.862" endtime="20230422 22:44:43.863"/>
</kw>
<kw name="Set Test Variable" library="BuiltIn">
<arg>${RESPOSTA}</arg>
<arg>${resposta.json()}</arg>
<doc>Makes a variable available everywhere within the scope of the current test.</doc>
<msg timestamp="20230422 22:44:43.864" level="INFO">${RESPOSTA} = {'message': 'Cadastro realizado com sucesso', '_id': 'Y46wVaUB2z51TVK7'}</msg>
<status status="PASS" starttime="20230422 22:44:43.863" endtime="20230422 22:44:43.864"/>
</kw>
<status status="PASS" starttime="20230422 22:44:43.461" endtime="20230422 22:44:43.864"/>
</kw>
<kw name="Vou Repetir o cadastro do usuário" library="api_testing_usuarios">
<kw name="Cadastrar o usuário criado na ServeRest" library="api_testing_usuarios">
<arg>${EMAIL_TESTE}</arg>
<arg>status_code_desejado=400</arg>
<kw name="Create Dictionary" library="BuiltIn">
<var>${body}</var>
<arg>nome=Fulano da Silva</arg>
<arg>email=${email}</arg>
<arg>password=1234</arg>
<arg>administrador=true</arg>
<doc>Creates and returns a dictionary based on the given ``items``.</doc>
<msg timestamp="20230422 22:44:43.867" level="INFO">${body} = {'nome': 'Fulano da Silva', 'email': 'kgoo@emailteste.com', 'password': '1234', 'administrador': 'true'}</msg>
<status status="PASS" starttime="20230422 22:44:43.866" endtime="20230422 22:44:43.867"/>
</kw>
<kw name="Log" library="BuiltIn">
<arg>${body}</arg>
<doc>Logs the given message with the given level.</doc>
<msg timestamp="20230422 22:44:43.868" level="INFO">{'nome': 'Fulano da Silva', 'email': 'kgoo@emailteste.com', 'password': '1234', 'administrador': 'true'}</msg>
<status status="PASS" starttime="20230422 22:44:43.867" endtime="20230422 22:44:43.868"/>
</kw>
<kw name="Criar Sessão no ServeRest" library="api_testing_usuarios">
<kw name="Create Dictionary" library="BuiltIn">
<var>${headers}</var>
<arg>accept=application/json</arg>
<arg>Content-Type=application/json</arg>
<doc>Creates and returns a dictionary based on the given ``items``.</doc>
<msg timestamp="20230422 22:44:43.869" level="INFO">${headers} = {'accept': 'application/json', 'Content-Type': 'application/json'}</msg>
<status status="PASS" starttime="20230422 22:44:43.868" endtime="20230422 22:44:43.869"/>
</kw>
<kw name="Create Session" library="RequestsLibrary">
<arg>alias=serveRest</arg>
<arg>url=https://Serverest.dev</arg>
<arg>headers=${headers}</arg>
<doc>Create Session: create a HTTP session to a server</doc>
<msg timestamp="20230422 22:44:43.869" level="INFO">Creating Session using : alias=serveRest, url=https://Serverest.dev, headers={'accept': 'application/json', 'Content-Type': 'application/json'},                     cookies={}, auth=None, timeout=None, proxies=None, verify=False,                     debug=0 </msg>
<status status="PASS" starttime="20230422 22:44:43.869" endtime="20230422 22:44:43.869"/>
</kw>
<status status="PASS" starttime="20230422 22:44:43.868" endtime="20230422 22:44:43.869"/>
</kw>
<kw name="POST On Session" library="RequestsLibrary">
<var>${resposta}</var>
<arg>alias=ServeRest</arg>
<arg>url=/usuarios</arg>
<arg>json=${body}</arg>
<arg>expected_status=${status_code_desejado}</arg>
<doc>Sends a POST request on a previously created HTTP Session.</doc>
<msg timestamp="20230422 22:44:44.282" level="INFO">POST Request : url=https://serverest.dev/usuarios 
 path_url=/usuarios 
 headers={'User-Agent': 'python-requests/2.28.2', 'Accept-Encoding': 'gzip, deflate', 'accept': 'application/json', 'Connection': 'keep-alive', 'Content-Type': 'application/json', 'Content-Length': '104'} 
 body=b'{"nome": "Fulano da Silva", "email": "kgoo@emailteste.com", "password": "1234", "administrador": "true"}' 
 </msg>
<msg timestamp="20230422 22:44:44.282" level="INFO">POST Response : url=https://serverest.dev/usuarios 
 status=400, reason=Bad Request 
 headers={'access-control-allow-origin': '*', 'x-dns-prefetch-control': 'off', 'x-frame-options': 'SAMEORIGIN', 'strict-transport-security': 'max-age=15552000; includeSubDomains', 'x-download-options': 'noopen', 'x-content-type-options': 'nosniff', 'x-xss-protection': '1; mode=block', 'x-moesif-transaction-id': '3c928bec-90b4-4dc8-8fe7-3175acb32726', 'content-type': 'application/json; charset=utf-8', 'X-Cloud-Trace-Context': 'ce4a7478c89746df7b86030ab082cb54', 'Date': 'Sun, 23 Apr 2023 01:44:44 GMT', 'Server': 'Google Frontend', 'Content-Length': '53'} 
 body={
    "message": "Este email já está sendo usado"
} 
 </msg>
<msg timestamp="20230422 22:44:44.283" level="INFO">C:\Users\Carlos\AppData\Local\Programs\Python\Python310\lib\site-packages\urllib3\connectionpool.py:1045: InsecureRequestWarning: Unverified HTTPS request is being made to host 'serverest.dev'. Adding certificate verification is strongly advised. See: https://urllib3.readthedocs.io/en/1.26.x/advanced-usage.html#ssl-warnings
  warnings.warn(</msg>
<msg timestamp="20230422 22:44:44.284" level="INFO">${resposta} = &lt;Response [400]&gt;</msg>
<status status="PASS" starttime="20230422 22:44:43.869" endtime="20230422 22:44:44.284"/>
</kw>
<kw name="Log" library="BuiltIn">
<arg>${resposta.json()}</arg>
<doc>Logs the given message with the given level.</doc>
<msg timestamp="20230422 22:44:44.285" level="INFO">{'message': 'Este email já está sendo usado'}</msg>
<status status="PASS" starttime="20230422 22:44:44.284" endtime="20230422 22:44:44.285"/>
</kw>
<kw name="Set Test Variable" library="BuiltIn">
<arg>${ID_USUARIO}</arg>
<arg>${resposta.json()["_id"]}</arg>
<doc>Makes a variable available everywhere within the scope of the current test.</doc>
<msg timestamp="20230422 22:44:44.286" level="FAIL">Resolving variable '${resposta.json()["_id"]}' failed: KeyError: '_id'</msg>
<status status="FAIL" starttime="20230422 22:44:44.285" endtime="20230422 22:44:44.286"/>
</kw>
<kw name="Set Test Variable" library="BuiltIn">
<arg>${RESPOSTA}</arg>
<arg>${resposta.json()}</arg>
<doc>Makes a variable available everywhere within the scope of the current test.</doc>
<status status="NOT RUN" starttime="20230422 22:44:44.286" endtime="20230422 22:44:44.286"/>
</kw>
<status status="FAIL" starttime="20230422 22:44:43.865" endtime="20230422 22:44:44.287"/>
</kw>
<status status="FAIL" starttime="20230422 22:44:43.865" endtime="20230422 22:44:44.287"/>
</kw>
<kw name="Verificar se a API não permitiu o cadastro repetido" library="api_testing_usuarios">
<status status="NOT RUN" starttime="20230422 22:44:44.287" endtime="20230422 22:44:44.287"/>
</kw>
<status status="FAIL" starttime="20230422 22:44:43.456" endtime="20230422 22:44:44.288">Resolving variable '${resposta.json()["_id"]}' failed: KeyError: '_id'</status>
</test>
<test id="s1-t3" name="Cenário 03: Consultar os dados de um novo usuário" line="14">
<kw name="Criar um usuário novo" library="api_testing_usuarios">
<kw name="Generate Random String" library="String">
<var>${palavra_aleatoria}</var>
<arg>length=4</arg>
<arg>chars=[LETTERS]</arg>
<doc>Generates a string with a desired ``length`` from the given ``chars``.</doc>
<msg timestamp="20230422 22:44:44.291" level="INFO">${palavra_aleatoria} = eZZt</msg>
<status status="PASS" starttime="20230422 22:44:44.291" endtime="20230422 22:44:44.291"/>
</kw>
<kw name="Convert To Lower Case" library="String">
<var>${palavra_aleatoria}</var>
<arg>${palavra_aleatoria}</arg>
<doc>Converts string to lower case.</doc>
<msg timestamp="20230422 22:44:44.292" level="INFO">${palavra_aleatoria} = ezzt</msg>
<status status="PASS" starttime="20230422 22:44:44.292" endtime="20230422 22:44:44.292"/>
</kw>
<kw name="Set Test Variable" library="BuiltIn">
<arg>${EMAIL_TESTE}</arg>
<arg>${palavra_aleatoria}@emailteste.com</arg>
<doc>Makes a variable available everywhere within the scope of the current test.</doc>
<msg timestamp="20230422 22:44:44.293" level="INFO">${EMAIL_TESTE} = ezzt@emailteste.com</msg>
<status status="PASS" starttime="20230422 22:44:44.292" endtime="20230422 22:44:44.293"/>
</kw>
<kw name="Log" library="BuiltIn">
<arg>${EMAIL_TESTE}</arg>
<doc>Logs the given message with the given level.</doc>
<msg timestamp="20230422 22:44:44.293" level="INFO">ezzt@emailteste.com</msg>
<status status="PASS" starttime="20230422 22:44:44.293" endtime="20230422 22:44:44.293"/>
</kw>
<status status="PASS" starttime="20230422 22:44:44.290" endtime="20230422 22:44:44.293"/>
</kw>
<kw name="Cadastrar o usuário criado na ServeRest" library="api_testing_usuarios">
<arg>email=${EMAIL_TESTE}</arg>
<arg>status_code_desejado=201</arg>
<kw name="Create Dictionary" library="BuiltIn">
<var>${body}</var>
<arg>nome=Fulano da Silva</arg>
<arg>email=${email}</arg>
<arg>password=1234</arg>
<arg>administrador=true</arg>
<doc>Creates and returns a dictionary based on the given ``items``.</doc>
<msg timestamp="20230422 22:44:44.295" level="INFO">${body} = {'nome': 'Fulano da Silva', 'email': 'ezzt@emailteste.com', 'password': '1234', 'administrador': 'true'}</msg>
<status status="PASS" starttime="20230422 22:44:44.294" endtime="20230422 22:44:44.295"/>
</kw>
<kw name="Log" library="BuiltIn">
<arg>${body}</arg>
<doc>Logs the given message with the given level.</doc>
<msg timestamp="20230422 22:44:44.295" level="INFO">{'nome': 'Fulano da Silva', 'email': 'ezzt@emailteste.com', 'password': '1234', 'administrador': 'true'}</msg>
<status status="PASS" starttime="20230422 22:44:44.295" endtime="20230422 22:44:44.295"/>
</kw>
<kw name="Criar Sessão no ServeRest" library="api_testing_usuarios">
<kw name="Create Dictionary" library="BuiltIn">
<var>${headers}</var>
<arg>accept=application/json</arg>
<arg>Content-Type=application/json</arg>
<doc>Creates and returns a dictionary based on the given ``items``.</doc>
<msg timestamp="20230422 22:44:44.297" level="INFO">${headers} = {'accept': 'application/json', 'Content-Type': 'application/json'}</msg>
<status status="PASS" starttime="20230422 22:44:44.296" endtime="20230422 22:44:44.297"/>
</kw>
<kw name="Create Session" library="RequestsLibrary">
<arg>alias=serveRest</arg>
<arg>url=https://Serverest.dev</arg>
<arg>headers=${headers}</arg>
<doc>Create Session: create a HTTP session to a server</doc>
<msg timestamp="20230422 22:44:44.297" level="INFO">Creating Session using : alias=serveRest, url=https://Serverest.dev, headers={'accept': 'application/json', 'Content-Type': 'application/json'},                     cookies={}, auth=None, timeout=None, proxies=None, verify=False,                     debug=0 </msg>
<status status="PASS" starttime="20230422 22:44:44.297" endtime="20230422 22:44:44.298"/>
</kw>
<status status="PASS" starttime="20230422 22:44:44.296" endtime="20230422 22:44:44.298"/>
</kw>
<kw name="POST On Session" library="RequestsLibrary">
<var>${resposta}</var>
<arg>alias=ServeRest</arg>
<arg>url=/usuarios</arg>
<arg>json=${body}</arg>
<arg>expected_status=${status_code_desejado}</arg>
<doc>Sends a POST request on a previously created HTTP Session.</doc>
<msg timestamp="20230422 22:44:44.700" level="INFO">POST Request : url=https://serverest.dev/usuarios 
 path_url=/usuarios 
 headers={'User-Agent': 'python-requests/2.28.2', 'Accept-Encoding': 'gzip, deflate', 'accept': 'application/json', 'Connection': 'keep-alive', 'Content-Type': 'application/json', 'Content-Length': '104'} 
 body=b'{"nome": "Fulano da Silva", "email": "ezzt@emailteste.com", "password": "1234", "administrador": "true"}' 
 </msg>
<msg timestamp="20230422 22:44:44.700" level="INFO">POST Response : url=https://serverest.dev/usuarios 
 status=201, reason=Created 
 headers={'access-control-allow-origin': '*', 'x-dns-prefetch-control': 'off', 'x-frame-options': 'SAMEORIGIN', 'strict-transport-security': 'max-age=15552000; includeSubDomains', 'x-download-options': 'noopen', 'x-content-type-options': 'nosniff', 'x-xss-protection': '1; mode=block', 'x-moesif-transaction-id': '3cc6d53a-0e16-415d-9527-95f757b14e01', 'content-type': 'application/json; charset=utf-8', 'X-Cloud-Trace-Context': '84bd1e3d4f306a23c0c758277534fc84', 'Date': 'Sun, 23 Apr 2023 01:44:44 GMT', 'Server': 'Google Frontend', 'Content-Length': '82'} 
 body={
    "message": "Cadastro realizado com sucesso",
    "_id": "oiVcOlhvPyYoruQp"
} 
 </msg>
<msg timestamp="20230422 22:44:44.700" level="INFO">C:\Users\Carlos\AppData\Local\Programs\Python\Python310\lib\site-packages\urllib3\connectionpool.py:1045: InsecureRequestWarning: Unverified HTTPS request is being made to host 'serverest.dev'. Adding certificate verification is strongly advised. See: https://urllib3.readthedocs.io/en/1.26.x/advanced-usage.html#ssl-warnings
  warnings.warn(</msg>
<msg timestamp="20230422 22:44:44.701" level="INFO">${resposta} = &lt;Response [201]&gt;</msg>
<status status="PASS" starttime="20230422 22:44:44.298" endtime="20230422 22:44:44.701"/>
</kw>
<kw name="Log" library="BuiltIn">
<arg>${resposta.json()}</arg>
<doc>Logs the given message with the given level.</doc>
<msg timestamp="20230422 22:44:44.702" level="INFO">{'message': 'Cadastro realizado com sucesso', '_id': 'oiVcOlhvPyYoruQp'}</msg>
<status status="PASS" starttime="20230422 22:44:44.701" endtime="20230422 22:44:44.702"/>
</kw>
<kw name="Set Test Variable" library="BuiltIn">
<arg>${ID_USUARIO}</arg>
<arg>${resposta.json()["_id"]}</arg>
<doc>Makes a variable available everywhere within the scope of the current test.</doc>
<msg timestamp="20230422 22:44:44.703" level="INFO">${ID_USUARIO} = oiVcOlhvPyYoruQp</msg>
<status status="PASS" starttime="20230422 22:44:44.702" endtime="20230422 22:44:44.703"/>
</kw>
<kw name="Set Test Variable" library="BuiltIn">
<arg>${RESPOSTA}</arg>
<arg>${resposta.json()}</arg>
<doc>Makes a variable available everywhere within the scope of the current test.</doc>
<msg timestamp="20230422 22:44:44.703" level="INFO">${RESPOSTA} = {'message': 'Cadastro realizado com sucesso', '_id': 'oiVcOlhvPyYoruQp'}</msg>
<status status="PASS" starttime="20230422 22:44:44.703" endtime="20230422 22:44:44.704"/>
</kw>
<status status="PASS" starttime="20230422 22:44:44.294" endtime="20230422 22:44:44.704"/>
</kw>
<kw name="Consultar os dados do novo usuário" library="api_testing_usuarios">
<msg timestamp="20230422 22:44:44.705" level="FAIL">User keyword 'Consultar os dados do novo usuário' contains no keywords.</msg>
<status status="FAIL" starttime="20230422 22:44:44.704" endtime="20230422 22:44:44.705"/>
</kw>
<status status="FAIL" starttime="20230422 22:44:44.290" endtime="20230422 22:44:44.706">User keyword 'Consultar os dados do novo usuário' contains no keywords.</status>
</test>
<status status="FAIL" starttime="20230422 22:44:42.854" endtime="20230422 22:44:44.708"/>
</suite>
<statistics>
<total>
<stat pass="1" fail="2" skip="0">All Tests</stat>
</total>
<tag>
</tag>
<suite>
<stat pass="1" fail="2" skip="0" id="s1" name="Api Testing Usuarios">Api Testing Usuarios</stat>
</suite>
</statistics>
<errors>
</errors>
</robot>
